Performing C SOURCE FILE Test CMAKE_HAVE_LIBC_PTHREAD failed with the following output:
Change Dir: /home/venti/Multi-Object-tracking-2D/ros_integration/catkin_ws/src/detection_and_tracking/segmenters_lib/src/build/CMakeFiles/CMakeTmp

Run Build Command(s):/usr/bin/make -f Makefile cmTC_289f5/fast && /usr/bin/make  -f CMakeFiles/cmTC_289f5.dir/build.make CMakeFiles/cmTC_289f5.dir/build
make[1]: Entering directory '/home/venti/Multi-Object-tracking-2D/ros_integration/catkin_ws/src/detection_and_tracking/segmenters_lib/src/build/CMakeFiles/CMakeTmp'
Building C object CMakeFiles/cmTC_289f5.dir/src.c.o
/usr/bin/cc -DCMAKE_HAVE_LIBC_PTHREAD   -o CMakeFiles/cmTC_289f5.dir/src.c.o -c /home/venti/Multi-Object-tracking-2D/ros_integration/catkin_ws/src/detection_and_tracking/segmenters_lib/src/build/CMakeFiles/CMakeTmp/src.c
Linking C executable cmTC_289f5
/usr/bin/cmake -E cmake_link_script CMakeFiles/cmTC_289f5.dir/link.txt --verbose=1
/usr/bin/cc -rdynamic CMakeFiles/cmTC_289f5.dir/src.c.o -o cmTC_289f5 
CMakeFiles/cmTC_289f5.dir/src.c.o: In function `main':
src.c:(.text+0x3c): undefined reference to `pthread_create'
src.c:(.text+0x48): undefined reference to `pthread_detach'
src.c:(.text+0x54): undefined reference to `pthread_cancel'
src.c:(.text+0x65): undefined reference to `pthread_join'
src.c:(.text+0x79): undefined reference to `pthread_atfork'
collect2: error: ld returned 1 exit status
CMakeFiles/cmTC_289f5.dir/build.make:98: recipe for target 'cmTC_289f5' failed
make[1]: *** [cmTC_289f5] Error 1
make[1]: Leaving directory '/home/venti/Multi-Object-tracking-2D/ros_integration/catkin_ws/src/detection_and_tracking/segmenters_lib/src/build/CMakeFiles/CMakeTmp'
Makefile:127: recipe for target 'cmTC_289f5/fast' failed
make: *** [cmTC_289f5/fast] Error 2


Source file was:
#include <pthread.h>

static void* test_func(void* data)
{
  return data;
}

int main(void)
{
  pthread_t thread;
  pthread_create(&thread, NULL, test_func, NULL);
  pthread_detach(thread);
  pthread_cancel(thread);
  pthread_join(thread, NULL);
  pthread_atfork(NULL, NULL, NULL);
  pthread_exit(NULL);

  return 0;
}

Determining if the function pthread_create exists in the pthreads failed with the following output:
Change Dir: /home/venti/Multi-Object-tracking-2D/ros_integration/catkin_ws/src/detection_and_tracking/segmenters_lib/src/build/CMakeFiles/CMakeTmp

Run Build Command(s):/usr/bin/make -f Makefile cmTC_63568/fast && /usr/bin/make  -f CMakeFiles/cmTC_63568.dir/build.make CMakeFiles/cmTC_63568.dir/build
make[1]: Entering directory '/home/venti/Multi-Object-tracking-2D/ros_integration/catkin_ws/src/detection_and_tracking/segmenters_lib/src/build/CMakeFiles/CMakeTmp'
Building C object CMakeFiles/cmTC_63568.dir/CheckFunctionExists.c.o
/usr/bin/cc   -DCHECK_FUNCTION_EXISTS=pthread_create -o CMakeFiles/cmTC_63568.dir/CheckFunctionExists.c.o -c /usr/share/cmake-3.20/Modules/CheckFunctionExists.c
Linking C executable cmTC_63568
/usr/bin/cmake -E cmake_link_script CMakeFiles/cmTC_63568.dir/link.txt --verbose=1
/usr/bin/cc  -DCHECK_FUNCTION_EXISTS=pthread_create -rdynamic CMakeFiles/cmTC_63568.dir/CheckFunctionExists.c.o -o cmTC_63568  -lpthreads 
/usr/bin/ld: cannot find -lpthreads
collect2: error: ld returned 1 exit status
CMakeFiles/cmTC_63568.dir/build.make:98: recipe for target 'cmTC_63568' failed
make[1]: *** [cmTC_63568] Error 1
make[1]: Leaving directory '/home/venti/Multi-Object-tracking-2D/ros_integration/catkin_ws/src/detection_and_tracking/segmenters_lib/src/build/CMakeFiles/CMakeTmp'
Makefile:127: recipe for target 'cmTC_63568/fast' failed
make: *** [cmTC_63568/fast] Error 2



